[debug] [2017-12-07T04:48:30.495Z] ----------------------------------------------------------------------
[debug] [2017-12-07T04:48:30.497Z] Command:       /usr/local/Cellar/node/8.5.0/bin/node /usr/local/bin/firebase deploy --only functions:record
[debug] [2017-12-07T04:48:30.497Z] CLI Version:   3.12.0
[debug] [2017-12-07T04:48:30.498Z] Platform:      darwin
[debug] [2017-12-07T04:48:30.498Z] Node Version:  v8.5.0
[debug] [2017-12-07T04:48:30.498Z] Time:          Thu Dec 07 2017 13:48:30 GMT+0900 (JST)
[debug] [2017-12-07T04:48:30.498Z] ----------------------------------------------------------------------
[debug] 
[debug] [2017-12-07T04:48:30.512Z] > command requires scopes: ["email","openid","https://www.googleapis.com/auth/cloudplatformprojects.readonly","https://www.googleapis.com/auth/firebase","https://www.googleapis.com/auth/cloud-platform"]
[debug] [2017-12-07T04:48:30.513Z] > authorizing via signed-in user
[debug] [2017-12-07T04:48:30.514Z] >>> HTTP REQUEST GET https://admin.firebase.com/v1/projects/kqc-web-staging  
 Thu Dec 07 2017 13:48:30 GMT+0900 (JST)
[debug] [2017-12-07T04:48:31.379Z] <<< HTTP RESPONSE 200
[debug] [2017-12-07T04:48:31.380Z] >>> HTTP REQUEST GET https://admin.firebase.com/v1/database/kqc-web-staging/tokens  
 Thu Dec 07 2017 13:48:31 GMT+0900 (JST)
[debug] [2017-12-07T04:48:32.086Z] <<< HTTP RESPONSE 200
[info] 
[info] === Deploying to 'kqc-web-staging'...
[info] 
[info] i  deploying functions
[debug] [2017-12-07T04:48:32.907Z] > [functions] package.json contents: {
  "name": "functions",
  "description": "Cloud Functions for Firebase",
  "dependencies": {
    "cors": "^2.8.1",
    "express": "^4.16.2",
    "firebase-admin": "~5.2.1",
    "firebase-functions": "^0.6.3",
    "js-base64": "^2.4.0"
  },
  "private": true
}
[info] i  functions: ensuring necessary APIs are enabled...
[info] i  runtimeconfig: ensuring necessary APIs are enabled...
[debug] [2017-12-07T04:48:32.909Z] >>> HTTP REQUEST GET https://servicemanagement.googleapis.com/v1/services/cloudfunctions.googleapis.com/projectSettings/kqc-web-staging?view=CONSUMER_VIEW  
 Thu Dec 07 2017 13:48:32 GMT+0900 (JST)
[debug] [2017-12-07T04:48:32.909Z] >>> HTTP REQUEST GET https://servicemanagement.googleapis.com/v1/services/runtimeconfig.googleapis.com/projectSettings/kqc-web-staging?view=CONSUMER_VIEW  
 Thu Dec 07 2017 13:48:32 GMT+0900 (JST)
